Looking for git in: git
Using git 2.17.1 from git
> git rev-parse --show-toplevel
> git rev-parse --git-dir
Open repository: /home/yo/code/Nordico
> git status -z -u
> git symbolic-ref --short HEAD
> git rev-parse master
> git rev-parse --symbolic-full-name master@{u}
> git rev-list --left-right master...refs/remotes/origin/master
> git for-each-ref --format %(refname) %(objectname) --sort -committerdate
> git remote --verbose
Failed to watch ref '/home/yo/code/Nordico/.git/refs/remotes/origin/master', is most likely packed.
Error: ENOENT: no such file or directory, watch '/home/yo/code/Nordico/.git/refs/remotes/origin/master'
	at FSWatcher.start (internal/fs/watchers.js:165:26)
	at Object.watch (fs.js:1270:11)
	at Object.t.watch (/usr/share/codium/resources/app/extensions/git/dist/main.js:1:596797)
	at T.updateTransientWatchers (/usr/share/codium/resources/app/extensions/git/dist/main.js:1:101168)
	at l.fire (/usr/share/codium/resources/app/out/vs/workbench/services/extensions/node/extensionHostProcess.js:47:227)
	at E.updateModelState (/usr/share/codium/resources/app/extensions/git/dist/main.js:1:120038)
> git config --get commit.template
> git check-ignore -v -z --stdin
> git check-ignore -v -z --stdin
> git check-ignore -v -z --stdin
> git status -z -u
> git symbolic-ref --short HEAD
> git rev-parse master
> git rev-parse --symbolic-full-name master@{u}
> git rev-list --left-right master...refs/remotes/origin/master
> git for-each-ref --format %(refname) %(objectname) --sort -committerdate
> git remote --verbose
Failed to watch ref '/home/yo/code/Nordico/.git/refs/remotes/origin/master', is most likely packed.
Error: ENOENT: no such file or directory, watch '/home/yo/code/Nordico/.git/refs/remotes/origin/master'
	at FSWatcher.start (internal/fs/watchers.js:165:26)
	at Object.watch (fs.js:1270:11)
	at Object.t.watch (/usr/share/codium/resources/app/extensions/git/dist/main.js:1:596797)
	at T.updateTransientWatchers (/usr/share/codium/resources/app/extensions/git/dist/main.js:1:101168)
	at l.fire (/usr/share/codium/resources/app/out/vs/workbench/services/extensions/node/extensionHostProcess.js:47:227)
	at E.updateModelState (/usr/share/codium/resources/app/extensions/git/dist/main.js:1:120038)
> git config --get commit.template
> git check-ignore -v -z --stdin
> git status -z -u
> git symbolic-ref --short HEAD
> git rev-parse master
> git rev-parse --symbolic-full-name master@{u}
> git rev-list --left-right master...refs/remotes/origin/master
> git for-each-ref --format %(refname) %(objectname) --sort -committerdate
> git remote --verbose
Failed to watch ref '/home/yo/code/Nordico/.git/refs/remotes/origin/master', is most likely packed.
Error: ENOENT: no such file or directory, watch '/home/yo/code/Nordico/.git/refs/remotes/origin/master'
	at FSWatcher.start (internal/fs/watchers.js:165:26)
	at Object.watch (fs.js:1270:11)
	at Object.t.watch (/usr/share/codium/resources/app/extensions/git/dist/main.js:1:596797)
	at T.updateTransientWatchers (/usr/share/codium/resources/app/extensions/git/dist/main.js:1:101168)
	at l.fire (/usr/share/codium/resources/app/out/vs/workbench/services/extensions/node/extensionHostProcess.js:47:227)
	at E.updateModelState (/usr/share/codium/resources/app/extensions/git/dist/main.js:1:120038)
> git config --get commit.template
